[debug] [2021-06-15T12:36:46.320Z] ----------------------------------------------------------------------
[debug] [2021-06-15T12:36:46.342Z] Command:       C:\Program Files\nodejs\node.exe C:\Users\ASUS\AppData\Roaming\npm\node_modules\firebase-tools\lib\bin\firebase.js init
[debug] [2021-06-15T12:36:46.344Z] CLI Version:   9.12.1
[debug] [2021-06-15T12:36:46.344Z] Platform:      win32
[debug] [2021-06-15T12:36:46.344Z] Node Version:  v14.17.0
[debug] [2021-06-15T12:36:46.395Z] Time:          Tue Jun 15 2021 18:06:46 GMT+0530 (India Standard Time)
[debug] [2021-06-15T12:36:46.395Z] ----------------------------------------------------------------------
[debug] 
[debug] [2021-06-15T12:36:46.402Z] >>> [apiv2][query] GET https://firebase-public.firebaseio.com/cli.json [none]
[debug] [2021-06-15T12:36:46.488Z] > command requires scopes: ["email","openid","https://www.googleapis.com/auth/cloudplatformprojects.readonly","https://www.googleapis.com/auth/firebase","https://www.googleapis.com/auth/cloud-platform"]
[debug] [2021-06-15T12:36:46.488Z] > authorizing via signed-in user (bhatnagarkavya16@gmail.com)
[info] 
     ######## #### ########  ######## ########     ###     ######  ########
     ##        ##  ##     ## ##       ##     ##  ##   ##  ##       ##
     ######    ##  ########  ######   ########  #########  ######  ######
     ##        ##  ##    ##  ##       ##     ## ##     ##       ## ##
     ##       #### ##     ## ######## ########  ##     ##  ######  ########

You're about to initialize a Firebase project in this directory:

  C:\Users\ASUS\Desktop\Kavya\webdev-2021\blog-post

[debug] [2021-06-15T12:36:47.996Z] <<< [apiv2][status] GET https://firebase-public.firebaseio.com/cli.json 200
[debug] [2021-06-15T12:36:47.997Z] <<< [apiv2][body] GET https://firebase-public.firebaseio.com/cli.json {"cloudBuildErrorAfter":1594252800000,"cloudBuildWarnAfter":1590019200000,"defaultNode10After":1594252800000,"minVersion":"3.0.5","node8DeploysDisabledAfter":1613390400000,"node8RuntimeDisabledAfter":1615809600000,"node8WarnAfter":1600128000000}
